<?xml version="1.0" encoding="UTF-8"?>
<!-- Generated by org.testng.reporters.JUnitReportReporter -->
<testsuite hostname="snowy" failures="0" tests="1" name="Testng.Testdemo" time="3.506" errors="0" timestamp="2024-09-11T10:27:33 IST" skipped="0">
  <testcase classname="Testng.Testdemo" name="test" time="3.506"/>
  <system-out/>
</testsuite> <!-- Testng.Testdemo -->
