<?xml version="1.0" encoding="UTF-8"?>
<!-- Generated by org.testng.reporters.JUnitReportReporter -->
<testsuite hostname="snowy" failures="0" tests="1" name="Testng.Newtab" time="4.544" errors="0" timestamp="2024-09-23T16:51:58 IST" skipped="0">
  <testcase classname="Testng.Newtab" name="test2" time="4.544"/>
  <system-out/>
</testsuite> <!-- Testng.Newtab -->
