<?xml version="1.0" encoding="UTF-8"?>
<!-- Generated by org.testng.reporters.JUnitReportReporter -->
<testsuite hostname="snowy" failures="0" tests="1" name="Testng.Amazontab" time="9.378" errors="0" timestamp="2024-09-23T16:53:56 IST" skipped="0">
  <testcase classname="Testng.Amazontab" name="test" time="9.378"/>
  <system-out/>
</testsuite> <!-- Testng.Amazontab -->
