<?xml version="1.0" encoding="UTF-8"?>
<!-- Generated by org.testng.reporters.JUnitReportReporter -->
<testsuite hostname="snowy" failures="0" tests="1" name="Testng.Featurestestng" time="0.013" errors="0" timestamp="2024-09-04T17:06:48 IST" skipped="0">
  <testcase classname="Testng.Featurestestng" name="test2" time="0.013"/>
  <system-out/>
</testsuite> <!-- Testng.Featurestestng -->
