<?xml version="1.0" encoding="UTF-8"?>
<!-- Generated by org.testng.reporters.JUnitReportReporter -->
<testsuite hostname="snowy" failures="0" tests="1" name="testpkg.Testclass" time="0.298" errors="0" timestamp="2024-09-24T16:44:53 IST" skipped="0">
  <testcase classname="testpkg.Testclass" name="test" time="0.298"/>
  <system-out/>
</testsuite> <!-- testpkg.Testclass -->
