<?xml version="1.0" encoding="UTF-8"?>
<!-- Generated by org.testng.reporters.JUnitReportReporter -->
<testsuite hostname="snowy" failures="0" tests="1" name="Testng.Datadrivetest" time="4.072" errors="0" timestamp="2024-09-10T17:01:40 IST" skipped="0">
  <testcase classname="Testng.Datadrivetest" name="test" time="4.072"/>
  <system-out/>
</testsuite> <!-- Testng.Datadrivetest -->
