<?xml version="1.0" encoding="UTF-8"?>
<!-- Generated by org.testng.reporters.JUnitReportReporter -->
<testsuite hostname="snowy" failures="0" tests="1" name="Testng.Redifftest" time="0.071" errors="0" timestamp="2024-09-10T15:55:41 IST" skipped="0">
  <testcase classname="Testng.Redifftest" name="test" time="0.071"/>
  <system-out/>
</testsuite> <!-- Testng.Redifftest -->
