<?xml version="1.0" encoding="UTF-8"?>
<!-- Generated by org.testng.reporters.JUnitReportReporter -->
<testsuite hostname="snowy" failures="0" tests="2" name="Testng.Crossbrowsertesting" time="4.567" errors="0" timestamp="2024-09-09T17:02:32 IST" skipped="0">
  <testcase classname="Testng.Crossbrowsertesting" name="test" time="2.186"/>
  <system-out/>
  <testcase classname="Testng.Crossbrowsertesting" name="test" time="2.381"/>
  <system-out/>
</testsuite> <!-- Testng.Crossbrowsertesting -->
